[backup.stream:1570257448] Backup command returned status code 0 at 2025-03-15-15:52:17
[backup.stream:1570257448] Backup file created at 2025-03-15-15:52:17 founded in:.\backups\backup-2025_03_15_11_52_17.sql
[backup.stream:1570257448] Compressing backup file at 2025-03-15-15:52:17
[backup.stream:1570257448] Backup file compressed at 2025-03-15-15:52:17 founded in:.\backups\backup-2025_03_15_11_52_17.zip
[backup.stream:1570257448] Starting compress folder process at 2025-03-15-15:52:17
[backup.stream:1570257448] Images folder compressed at 2025-03-15-15:52:17
[backup.stream:1038188834] Backup command returned status code 0 at 2025-03-15-15:52:32
[backup.stream:1038188834] Backup file created at 2025-03-15-15:52:32 founded in:.\backups\backup-2025_03_15_11_52_32.sql
[backup.stream:1038188834] Compressing backup file at 2025-03-15-15:52:32
[backup.stream:1038188834] Backup file compressed at 2025-03-15-15:52:32 founded in:.\backups\backup-2025_03_15_11_52_32.zip
[backup.stream:1038188834] Starting compress folder process at 2025-03-15-15:52:32
[backup.stream:1038188834] Images folder compressed at 2025-03-15-15:52:32
[backup.stream:3232517] Backup command returned status code 0 at 2025-03-15-17:14:06
[backup.stream:3232517] Backup file created at 2025-03-15-17:14:06 founded in:.\backups\backup-2025_03_15_13_14_06.sql
[backup.stream:3232517] Compressing backup file at 2025-03-15-17:14:06
[backup.stream:3232517] Backup file compressed at 2025-03-15-17:14:06 founded in:.\backups\backup-2025_03_15_13_14_06.zip
[backup.stream:3232517] Starting compress folder process at 2025-03-15-17:14:06
[backup.stream:3232517] Images folder compressed at 2025-03-15-17:14:06
[backup.stream:181685087] Backup command returned status code 0 at 2025-03-15-17:14:43
[backup.stream:181685087] Backup file created at 2025-03-15-17:14:43 founded in:.\backups\backup-2025_03_15_13_14_43.sql
[backup.stream:181685087] Compressing backup file at 2025-03-15-17:14:43
[backup.stream:181685087] Backup file compressed at 2025-03-15-17:14:43 founded in:.\backups\backup-2025_03_15_13_14_43.zip
[backup.stream:181685087] Starting compress folder process at 2025-03-15-17:14:43
[backup.stream:181685087] Images folder compressed at 2025-03-15-17:14:43
